Added Component: Designator=C1(CAPE10.0MM_Rad_30x45mm)
Add component. Clean all parameters for all variants
Add component (AddParameter): Name = "Manufacturer 1"; Value = "Panasonic - ECG"; VariantName = "[No Variations]"
Add component (AddParameter): Name = "Manufacturer Part Number 1"; Value = "ECO-S1KP562DA"; VariantName = "[No Variations]"
Add component (AddParameter): Name = "Material"; Value = "Aluminum Electrolytic"; VariantName = "[No Variations]"
Add component (AddParameter): Name = "Package / Case"; Value = "30.00mm Dia x 45.00mm H"; VariantName = "[No Variations]"
Add component (AddParameter): Name = "Ratings"; Value = "80V"; VariantName = "[No Variations]"
Add component (AddParameter): Name = "SCDType"; Value = "undef"; VariantName = "[No Variations]"
Add component (AddParameter): Name = "Supplier 1"; Value = "Digi-Key"; VariantName = "[No Variations]"
Add component (AddParameter): Name = "Supplier Part Number 1"; Value = "P7374-ND"; VariantName = "[No Variations]"
Add component (AddParameter): Name = "Tolerance"; Value = "±20%"; VariantName = "[No Variations]"
Add component (AddParameter): Name = "Value"; Value = "5m6"; VariantName = "[No Variations]"
Added Component: Designator=C2(CAPE10.0MM_Rad_30x45mm)
Add component. Clean all parameters for all variants
Add component (AddParameter): Name = "Manufacturer 1"; Value = "Panasonic - ECG"; VariantName = "[No Variations]"
Add component (AddParameter): Name = "Manufacturer Part Number 1"; Value = "ECO-S1KP562DA"; VariantName = "[No Variations]"
Add component (AddParameter): Name = "Material"; Value = "Aluminum Electrolytic"; VariantName = "[No Variations]"
Add component (AddParameter): Name = "Package / Case"; Value = "30.00mm Dia x 45.00mm H"; VariantName = "[No Variations]"
Add component (AddParameter): Name = "Ratings"; Value = "80V"; VariantName = "[No Variations]"
Add component (AddParameter): Name = "SCDType"; Value = "undef"; VariantName = "[No Variations]"
Add component (AddParameter): Name = "Supplier 1"; Value = "Digi-Key"; VariantName = "[No Variations]"
Add component (AddParameter): Name = "Supplier Part Number 1"; Value = "P7374-ND"; VariantName = "[No Variations]"
Add component (AddParameter): Name = "Tolerance"; Value = "±20%"; VariantName = "[No Variations]"
Add component (AddParameter): Name = "Value"; Value = "5m6"; VariantName = "[No Variations]"
Added Component: Designator=C3(CAPE10.0MM_Rad_30x45mm)
Add component. Clean all parameters for all variants
Add component (AddParameter): Name = "Manufacturer 1"; Value = "Panasonic - ECG"; VariantName = "[No Variations]"
Add component (AddParameter): Name = "Manufacturer Part Number 1"; Value = "ECO-S1KP562DA"; VariantName = "[No Variations]"
Add component (AddParameter): Name = "Material"; Value = "Aluminum Electrolytic"; VariantName = "[No Variations]"
Add component (AddParameter): Name = "Package / Case"; Value = "30.00mm Dia x 45.00mm H"; VariantName = "[No Variations]"
Add component (AddParameter): Name = "Ratings"; Value = "80V"; VariantName = "[No Variations]"
Add component (AddParameter): Name = "SCDType"; Value = "undef"; VariantName = "[No Variations]"
Add component (AddParameter): Name = "Supplier 1"; Value = "Digi-Key"; VariantName = "[No Variations]"
Add component (AddParameter): Name = "Supplier Part Number 1"; Value = "P7374-ND"; VariantName = "[No Variations]"
Add component (AddParameter): Name = "Tolerance"; Value = "±20%"; VariantName = "[No Variations]"
Add component (AddParameter): Name = "Value"; Value = "5m6"; VariantName = "[No Variations]"
Added Component: Designator=C4(CAPE10.0MM_Rad_30x45mm)
Add component. Clean all parameters for all variants
Add component (AddParameter): Name = "Manufacturer 1"; Value = "Panasonic - ECG"; VariantName = "[No Variations]"
Add component (AddParameter): Name = "Manufacturer Part Number 1"; Value = "ECO-S1KP562DA"; VariantName = "[No Variations]"
Add component (AddParameter): Name = "Material"; Value = "Aluminum Electrolytic"; VariantName = "[No Variations]"
Add component (AddParameter): Name = "Package / Case"; Value = "30.00mm Dia x 45.00mm H"; VariantName = "[No Variations]"
Add component (AddParameter): Name = "Ratings"; Value = "80V"; VariantName = "[No Variations]"
Add component (AddParameter): Name = "SCDType"; Value = "undef"; VariantName = "[No Variations]"
Add component (AddParameter): Name = "Supplier 1"; Value = "Digi-Key"; VariantName = "[No Variations]"
Add component (AddParameter): Name = "Supplier Part Number 1"; Value = "P7374-ND"; VariantName = "[No Variations]"
Add component (AddParameter): Name = "Tolerance"; Value = "±20%"; VariantName = "[No Variations]"
Add component (AddParameter): Name = "Value"; Value = "5m6"; VariantName = "[No Variations]"
Added Component: Designator=C5(CAPE10.0MM_Rad_30x45mm)
Add component. Clean all parameters for all variants
Add component (AddParameter): Name = "Manufacturer 1"; Value = "Panasonic - ECG"; VariantName = "[No Variations]"
Add component (AddParameter): Name = "Manufacturer Part Number 1"; Value = "ECO-S1KP562DA"; VariantName = "[No Variations]"
Add component (AddParameter): Name = "Material"; Value = "Aluminum Electrolytic"; VariantName = "[No Variations]"
Add component (AddParameter): Name = "Package / Case"; Value = "30.00mm Dia x 45.00mm H"; VariantName = "[No Variations]"
Add component (AddParameter): Name = "Ratings"; Value = "80V"; VariantName = "[No Variations]"
Add component (AddParameter): Name = "SCDType"; Value = "undef"; VariantName = "[No Variations]"
Add component (AddParameter): Name = "Supplier 1"; Value = "Digi-Key"; VariantName = "[No Variations]"
Add component (AddParameter): Name = "Supplier Part Number 1"; Value = "P7374-ND"; VariantName = "[No Variations]"
Add component (AddParameter): Name = "Tolerance"; Value = "±20%"; VariantName = "[No Variations]"
Add component (AddParameter): Name = "Value"; Value = "5m6"; VariantName = "[No Variations]"
Added Class: Name=Sheet1
Added Room: Name=Sheet1
